mode: set
github.com/karlozz157/storicard/src/domain/service/csv_reader.go:24.54,28.2 1 1
github.com/karlozz157/storicard/src/domain/service/csv_reader.go:30.95,35.16 3 1
github.com/karlozz157/storicard/src/domain/service/csv_reader.go:35.16,38.3 2 0
github.com/karlozz157/storicard/src/domain/service/csv_reader.go:40.2,42.31 2 1
github.com/karlozz157/storicard/src/domain/service/csv_reader.go:42.31,43.17 1 1
github.com/karlozz157/storicard/src/domain/service/csv_reader.go:43.17,44.12 1 1
github.com/karlozz157/storicard/src/domain/service/csv_reader.go:47.3,48.17 2 1
github.com/karlozz157/storicard/src/domain/service/csv_reader.go:48.17,50.12 2 1
github.com/karlozz157/storicard/src/domain/service/csv_reader.go:53.3,53.51 1 1
github.com/karlozz157/storicard/src/domain/service/csv_reader.go:56.2,56.26 1 1
github.com/karlozz157/storicard/src/domain/service/csv_reader.go:59.84,61.16 2 1
github.com/karlozz157/storicard/src/domain/service/csv_reader.go:61.16,63.3 1 0
github.com/karlozz157/storicard/src/domain/service/csv_reader.go:65.2,66.16 2 1
github.com/karlozz157/storicard/src/domain/service/csv_reader.go:66.16,68.3 1 1
github.com/karlozz157/storicard/src/domain/service/csv_reader.go:70.2,75.25 2 1
github.com/karlozz157/storicard/src/domain/service/transaction.go:18.94,22.2 1 0
github.com/karlozz157/storicard/src/domain/service/transaction.go:24.112,28.43 3 1
github.com/karlozz157/storicard/src/domain/service/transaction.go:28.43,29.44 1 1
github.com/karlozz157/storicard/src/domain/service/transaction.go:29.44,30.75 1 1
github.com/karlozz157/storicard/src/domain/service/transaction.go:30.75,33.5 2 1
github.com/karlozz157/storicard/src/domain/service/transaction.go:35.4,35.20 1 1
github.com/karlozz157/storicard/src/domain/service/transaction.go:39.2,39.25 1 1
github.com/karlozz157/storicard/src/domain/service/transaction.go:39.25,40.10 1 1
github.com/karlozz157/storicard/src/domain/service/transaction.go:41.19,41.19 0 1
github.com/karlozz157/storicard/src/domain/service/transaction.go:42.25,44.14 2 1
github.com/karlozz157/storicard/src/domain/service/transaction.go:48.2,48.12 1 1
github.com/karlozz157/storicard/src/domain/service/transaction.go:51.87,58.12 4 1
github.com/karlozz157/storicard/src/domain/service/transaction.go:58.12,61.17 3 1
github.com/karlozz157/storicard/src/domain/service/transaction.go:61.17,63.4 1 1
github.com/karlozz157/storicard/src/domain/service/transaction.go:66.2,67.12 2 1
github.com/karlozz157/storicard/src/domain/service/transaction.go:67.12,70.17 3 1
github.com/karlozz157/storicard/src/domain/service/transaction.go:70.17,72.4 1 1
github.com/karlozz157/storicard/src/domain/service/transaction.go:75.2,76.12 2 1
github.com/karlozz157/storicard/src/domain/service/transaction.go:76.12,79.17 3 1
github.com/karlozz157/storicard/src/domain/service/transaction.go:79.17,81.4 1 1
github.com/karlozz157/storicard/src/domain/service/transaction.go:84.2,85.12 2 1
github.com/karlozz157/storicard/src/domain/service/transaction.go:85.12,88.17 3 1
github.com/karlozz157/storicard/src/domain/service/transaction.go:88.17,90.4 1 1
github.com/karlozz157/storicard/src/domain/service/transaction.go:93.2,97.22 3 1
